# JRE version: OpenJDK Runtime Environment (8.0_76-b03) (build 1.8.0_76-release-b03)
# Java VM: OpenJDK 64-Bit Server VM (25.76-b03 mixed mode linux-amd64 compressed oops)
Heap:
 PSYoungGen      total 267776K, used 219941K [0x00000000e0000000, 0x00000000f1a00000, 0x0000000100000000)
  eden space 249856K, 88% used [0x00000000e0000000,0x00000000ed6c96e8,0x00000000ef400000)
  from space 17920K, 0% used [0x00000000f0680000,0x00000000f0680000,0x00000000f1800000)
  to   space 18944K, 0% used [0x00000000ef400000,0x00000000ef400000,0x00000000f0680000)
 ParOldGen       total 141312K, used 110358K [0x00000000a0000000, 0x00000000a8a00000, 0x00000000e0000000)
  object space 141312K, 78% used [0x00000000a0000000,0x00000000a6bc5b40,0x00000000a8a00000)
 Metaspace       used 66527K, capacity 68378K, committed 68608K, reserved 1110016K
  class space    used 8512K, capacity 8905K, committed 8960K, reserved 1048576K
GC Heap History (10 events):
Event: 13,008 GC heap before
{Heap before GC invocations=13 (full 2):
 PSYoungGen      total 210432K, used 191629K [0x00000000e0000000, 0x00000000ee700000, 0x0000000100000000)
  eden space 196096K, 90% used [0x00000000e0000000,0x00000000ead2a680,0x00000000ebf80000)
  from space 14336K, 99% used [0x00000000ed200000,0x00000000edff8ff8,0x00000000ee000000)
  to   space 18944K, 0% used [0x00000000ebf80000,0x00000000ebf80000,0x00000000ed200000)
 ParOldGen       total 57344K, used 26707K [0x00000000a0000000, 0x00000000a3800000, 0x00000000e0000000)
  object space 57344K, 46% used [0x00000000a0000000,0x00000000a1a14ee8,0x00000000a3800000)
 Metaspace       used 57699K, capacity 59090K, committed 59136K, reserved 1099776K
  class space    used 7595K, capacity 7913K, committed 7936K, reserved 1048576K
Event: 13,181 GC heap after
Heap after GC invocations=13 (full 2):
 PSYoungGen      total 210432K, used 191629K [0x00000000e0000000, 0x00000000ee700000, 0x0000000100000000)
  eden space 196096K, 90% used [0x00000000e0000000,0x00000000ead2a680,0x00000000ebf80000)
  from space 14336K, 99% used [0x00000000ed200000,0x00000000edff8ff8,0x00000000ee000000)
  to   space 18944K, 99% used [0x00000000ebf80000,0x00000000ed1fc5e8,0x00000000ed200000)
 ParOldGen       total 90112K, used 89941K [0x00000000a0000000, 0x00000000a5800000, 0x00000000e0000000)
  object space 90112K, 99% used [0x00000000a0000000,0x00000000a57d54e8,0x00000000a5800000)
 Metaspace       used 57699K, capacity 59090K, committed 59136K, reserved 1099776K
  class space    used 7595K, capacity 7913K, committed 7936K, reserved 1048576K
}
Event: 13,181 GC heap before
{Heap before GC invocations=14 (full 3):
 PSYoungGen      total 210432K, used 191629K [0x00000000e0000000, 0x00000000ee700000, 0x0000000100000000)
  eden space 196096K, 90% used [0x00000000e0000000,0x00000000ead2a680,0x00000000ebf80000)
  from space 14336K, 99% used [0x00000000ed200000,0x00000000edff8ff8,0x00000000ee000000)
  to   space 18944K, 99% used [0x00000000ebf80000,0x00000000ed1fc5e8,0x00000000ed200000)
 ParOldGen       total 90112K, used 89941K [0x00000000a0000000, 0x00000000a5800000, 0x00000000e0000000)
  object space 90112K, 99% used [0x00000000a0000000,0x00000000a57d54e8,0x00000000a5800000)
 Metaspace       used 57699K, capacity 59090K, committed 59136K, reserved 1099776K
  class space    used 7595K, capacity 7913K, committed 7936K, reserved 1048576K
Event: 13,667 GC heap after
Heap after GC invocations=14 (full 3):
 PSYoungGen      total 210432K, used 19473K [0x00000000e0000000, 0x00000000ee700000, 0x0000000100000000)
  eden space 196096K, 9% used [0x00000000e0000000,0x00000000e13044a8,0x00000000ebf80000)
  from space 14336K, 0% used [0x00000000ed200000,0x00000000ed200000,0x00000000ee000000)
  to   space 18944K, 0% used [0x00000000ebf80000,0x00000000ebf80000,0x00000000ed200000)
 ParOldGen       total 141312K, used 90103K [0x00000000a0000000, 0x00000000a8a00000, 0x00000000e0000000)
  object space 141312K, 63% used [0x00000000a0000000,0x00000000a57fdff8,0x00000000a8a00000)
 Metaspace       used 57699K, capacity 59090K, committed 59136K, reserved 1099776K
  class space    used 7595K, capacity 7913K, committed 7936K, reserved 1048576K
}
Event: 16,477 GC heap before
{Heap before GC invocations=15 (full 3):
 PSYoungGen      total 210432K, used 196096K [0x00000000e0000000, 0x00000000ee700000, 0x0000000100000000)
  eden space 196096K, 100% used [0x00000000e0000000,0x00000000ebf80000,0x00000000ebf80000)
  from space 14336K, 0% used [0x00000000ed200000,0x00000000ed200000,0x00000000ee000000)
  to   space 18944K, 0% used [0x00000000ebf80000,0x00000000ebf80000,0x00000000ed200000)
 ParOldGen       total 141312K, used 90103K [0x00000000a0000000, 0x00000000a8a00000, 0x00000000e0000000)
  object space 141312K, 63% used [0x00000000a0000000,0x00000000a57fdff8,0x00000000a8a00000)
 Metaspace       used 62007K, capacity 63500K, committed 63744K, reserved 1103872K
  class space    used 7986K, capacity 8334K, committed 8448K, reserved 1048576K
Event: 16,535 GC heap after
Heap after GC invocations=15 (full 3):
 PSYoungGen      total 215040K, used 8627K [0x00000000e0000000, 0x00000000f1800000, 0x0000000100000000)
  eden space 196096K, 0% used [0x00000000e0000000,0x00000000e0000000,0x00000000ebf80000)
  from space 18944K, 45% used [0x00000000ebf80000,0x00000000ec7ecf68,0x00000000ed200000)
  to   space 17920K, 0% used [0x00000000f0680000,0x00000000f0680000,0x00000000f1800000)
 ParOldGen       total 141312K, used 106745K [0x00000000a0000000, 0x00000000a8a00000, 0x00000000e0000000)
  object space 141312K, 75% used [0x00000000a0000000,0x00000000a683e418,0x00000000a8a00000)
 Metaspace       used 62007K, capacity 63500K, committed 63744K, reserved 1103872K
  class space    used 7986K, capacity 8334K, committed 8448K, reserved 1048576K
}
Event: 17,501 GC heap before
{Heap before GC invocations=16 (full 3):
 PSYoungGen      total 215040K, used 149353K [0x00000000e0000000, 0x00000000f1800000, 0x0000000100000000)
  eden space 196096K, 71% used [0x00000000e0000000,0x00000000e896d4c8,0x00000000ebf80000)
  from space 18944K, 45% used [0x00000000ebf80000,0x00000000ec7ecf68,0x00000000ed200000)
  to   space 17920K, 0% used [0x00000000f0680000,0x00000000f0680000,0x00000000f1800000)
 ParOldGen       total 141312K, used 106745K [0x00000000a0000000, 0x00000000a8a00000, 0x00000000e0000000)
  object space 141312K, 75% used [0x00000000a0000000,0x00000000a683e418,0x00000000a8a00000)
 Metaspace       used 65479K, capacity 67076K, committed 67200K, reserved 1107968K
  class space    used 8443K, capacity 8824K, committed 8832K, reserved 1048576K
Event: 17,519 GC heap after
Heap after GC invocations=16 (full 3):
 PSYoungGen      total 267776K, used 13703K [0x00000000e0000000, 0x00000000f1a00000, 0x0000000100000000)
  eden space 249856K, 0% used [0x00000000e0000000,0x00000000e0000000,0x00000000ef400000)
  from space 17920K, 76% used [0x00000000f0680000,0x00000000f13e1f08,0x00000000f1800000)
  to   space 18944K, 0% used [0x00000000ef400000,0x00000000ef400000,0x00000000f0680000)
 ParOldGen       total 141312K, used 106753K [0x00000000a0000000, 0x00000000a8a00000, 0x00000000e0000000)
  object space 141312K, 75% used [0x00000000a0000000,0x00000000a6840418,0x00000000a8a00000)
 Metaspace       used 65479K, capacity 67076K, committed 67200K, reserved 1107968K
  class space    used 8443K, capacity 8824K, committed 8832K, reserved 1048576K
}
Event: 17,519 GC heap before
{Heap before GC invocations=17 (full 4):
 PSYoungGen      total 267776K, used 13703K [0x00000000e0000000, 0x00000000f1a00000, 0x0000000100000000)
  eden space 249856K, 0% used [0x00000000e0000000,0x00000000e0000000,0x00000000ef400000)
  from space 17920K, 76% used [0x00000000f0680000,0x00000000f13e1f08,0x00000000f1800000)
  to   space 18944K, 0% used [0x00000000ef400000,0x00000000ef400000,0x00000000f0680000)
 ParOldGen       total 141312K, used 106753K [0x00000000a0000000, 0x00000000a8a00000, 0x00000000e0000000)
  object space 141312K, 75% used [0x00000000a0000000,0x00000000a6840418,0x00000000a8a00000)
 Metaspace       used 65479K, capacity 67076K, committed 67200K, reserved 1107968K
  class space    used 8443K, capacity 8824K, committed 8832K, reserved 1048576K
Event: 17,973 GC heap after
Heap after GC invocations=17 (full 4):
 PSYoungGen      total 267776K, used 0K [0x00000000e0000000, 0x00000000f1a00000, 0x0000000100000000)
  eden space 249856K, 0% used [0x00000000e0000000,0x00000000e0000000,0x00000000ef400000)
  from space 17920K, 0% used [0x00000000f0680000,0x00000000f0680000,0x00000000f1800000)
  to   space 18944K, 0% used [0x00000000ef400000,0x00000000ef400000,0x00000000f0680000)
 ParOldGen       total 141312K, used 110358K [0x00000000a0000000, 0x00000000a8a00000, 0x00000000e0000000)
  object space 141312K, 78% used [0x00000000a0000000,0x00000000a6bc5b40,0x00000000a8a00000)
 Metaspace       used 65479K, capacity 67076K, committed 67200K, reserved 1107968K
  class space    used 8443K, capacity 8824K, committed 8832K, reserved 1048576K
}

